# JRE version: Java(TM) SE Runtime Environment (7.0_71-b14) (build 1.7.0_71-b14)
# Java VM: Java HotSpot(TM) 64-Bit Server VM (24.71-b01 mixed mode linux-amd64 compressed oops)
Heap
 PSYoungGen      total 131584K, used 8692K [0x00000000eaa80000, 0x00000000f3380000, 0x0000000100000000)
  eden space 122880K, 0% used [0x00000000eaa80000,0x00000000eaa80000,0x00000000f2280000)
  from space 8704K, 99% used [0x00000000f2280000,0x00000000f2afd198,0x00000000f2b00000)
  to   space 8192K, 0% used [0x00000000f2b80000,0x00000000f2b80000,0x00000000f3380000)
 ParOldGen       total 39936K, used 14570K [0x00000000c0000000, 0x00000000c2700000, 0x00000000eaa80000)
  object space 39936K, 36% used [0x00000000c0000000,0x00000000c0e3ab88,0x00000000c2700000)
 PSPermGen       total 24064K, used 23972K [0x00000000b0000000, 0x00000000b1780000, 0x00000000c0000000)
  object space 24064K, 99% used [0x00000000b0000000,0x00000000b17691a8,0x00000000b1780000)
GC Heap History (10 events):
Event: 2.014 GC heap after
Heap after GC invocations=2 (full 0):
 PSYoungGen      total 33280K, used 2003K [0x00000000eaa80000, 0x00000000ecd80000, 0x0000000100000000)
  eden space 30720K, 0% used [0x00000000eaa80000,0x00000000eaa80000,0x00000000ec880000)
  from space 2560K, 78% used [0x00000000ecb00000,0x00000000eccf4cc8,0x00000000ecd80000)
  to   space 2560K, 0% used [0x00000000ec880000,0x00000000ec880000,0x00000000ecb00000)
 ParOldGen       total 39936K, used 202K [0x00000000c0000000, 0x00000000c2700000, 0x00000000eaa80000)
  object space 39936K, 0% used [0x00000000c0000000,0x00000000c0032820,0x00000000c2700000)
 PSPermGen       total 21504K, used 5655K [0x00000000b0000000, 0x00000000b1500000, 0x00000000c0000000)
  object space 21504K, 26% used [0x00000000b0000000,0x00000000b0585cc8,0x00000000b1500000)
}
Event: 4.689 GC heap before
{Heap before GC invocations=3 (full 0):
 PSYoungGen      total 33280K, used 32723K [0x00000000eaa80000, 0x00000000ecd80000, 0x0000000100000000)
  eden space 30720K, 100% used [0x00000000eaa80000,0x00000000ec880000,0x00000000ec880000)
  from space 2560K, 78% used [0x00000000ecb00000,0x00000000eccf4cc8,0x00000000ecd80000)
  to   space 2560K, 0% used [0x00000000ec880000,0x00000000ec880000,0x00000000ecb00000)
 ParOldGen       total 39936K, used 202K [0x00000000c0000000, 0x00000000c2700000, 0x00000000eaa80000)
  object space 39936K, 0% used [0x00000000c0000000,0x00000000c0032820,0x00000000c2700000)
 PSPermGen       total 21504K, used 11464K [0x00000000b0000000, 0x00000000b1500000, 0x00000000c0000000)
  object space 21504K, 53% used [0x00000000b0000000,0x00000000b0b32290,0x00000000b1500000)
Event: 4.706 GC heap after
Heap after GC invocations=3 (full 0):
 PSYoungGen      total 33280K, used 2528K [0x00000000eaa80000, 0x00000000eeb80000, 0x0000000100000000)
  eden space 30720K, 0% used [0x00000000eaa80000,0x00000000eaa80000,0x00000000ec880000)
  from space 2560K, 98% used [0x00000000ec880000,0x00000000ecaf8020,0x00000000ecb00000)
  to   space 2560K, 0% used [0x00000000ee900000,0x00000000ee900000,0x00000000eeb80000)
 ParOldGen       total 39936K, used 4043K [0x00000000c0000000, 0x00000000c2700000, 0x00000000eaa80000)
  object space 39936K, 10% used [0x00000000c0000000,0x00000000c03f2d68,0x00000000c2700000)
 PSPermGen       total 21504K, used 11464K [0x00000000b0000000, 0x00000000b1500000, 0x00000000c0000000)
  object space 21504K, 53% used [0x00000000b0000000,0x00000000b0b32290,0x00000000b1500000)
}
Event: 8.018 GC heap before
{Heap before GC invocations=4 (full 0):
 PSYoungGen      total 33280K, used 33248K [0x00000000eaa80000, 0x00000000eeb80000, 0x0000000100000000)
  eden space 30720K, 100% used [0x00000000eaa80000,0x00000000ec880000,0x00000000ec880000)
  from space 2560K, 98% used [0x00000000ec880000,0x00000000ecaf8020,0x00000000ecb00000)
  to   space 2560K, 0% used [0x00000000ee900000,0x00000000ee900000,0x00000000eeb80000)
 ParOldGen       total 39936K, used 4043K [0x00000000c0000000, 0x00000000c2700000, 0x00000000eaa80000)
  object space 39936K, 10% used [0x00000000c0000000,0x00000000c03f2d68,0x00000000c2700000)
 PSPermGen       total 21504K, used 17299K [0x00000000b0000000, 0x00000000b1500000, 0x00000000c0000000)
  object space 21504K, 80% used [0x00000000b0000000,0x00000000b10e4f28,0x00000000b1500000)
Event: 8.034 GC heap after
Heap after GC invocations=4 (full 0):
 PSYoungGen      total 64000K, used 2528K [0x00000000eaa80000, 0x00000000eeb80000, 0x0000000100000000)
  eden space 61440K, 0% used [0x00000000eaa80000,0x00000000eaa80000,0x00000000ee680000)
  from space 2560K, 98% used [0x00000000ee900000,0x00000000eeb78020,0x00000000eeb80000)
  to   space 2560K, 0% used [0x00000000ee680000,0x00000000ee680000,0x00000000ee900000)
 ParOldGen       total 39936K, used 9078K [0x00000000c0000000, 0x00000000c2700000, 0x00000000eaa80000)
  object space 39936K, 22% used [0x00000000c0000000,0x00000000c08dda18,0x00000000c2700000)
 PSPermGen       total 21504K, used 17299K [0x00000000b0000000, 0x00000000b1500000, 0x00000000c0000000)
  object space 21504K, 80% used [0x00000000b0000000,0x00000000b10e4f28,0x00000000b1500000)
}
Event: 9.249 GC heap before
{Heap before GC invocations=5 (full 0):
 PSYoungGen      total 64000K, used 63968K [0x00000000eaa80000, 0x00000000eeb80000, 0x0000000100000000)
  eden space 61440K, 100% used [0x00000000eaa80000,0x00000000ee680000,0x00000000ee680000)
  from space 2560K, 98% used [0x00000000ee900000,0x00000000eeb78020,0x00000000eeb80000)
  to   space 2560K, 0% used [0x00000000ee680000,0x00000000ee680000,0x00000000ee900000)
 ParOldGen       total 39936K, used 9078K [0x00000000c0000000, 0x00000000c2700000, 0x00000000eaa80000)
  object space 39936K, 22% used [0x00000000c0000000,0x00000000c08dda18,0x00000000c2700000)
 PSPermGen       total 21504K, used 19947K [0x00000000b0000000, 0x00000000b1500000, 0x00000000c0000000)
  object space 21504K, 92% used [0x00000000b0000000,0x00000000b137ade0,0x00000000b1500000)
Event: 9.269 GC heap after
Heap after GC invocations=5 (full 0):
 PSYoungGen      total 64000K, used 2544K [0x00000000eaa80000, 0x00000000f3480000, 0x0000000100000000)
  eden space 61440K, 0% used [0x00000000eaa80000,0x00000000eaa80000,0x00000000ee680000)
  from space 2560K, 99% used [0x00000000ee680000,0x00000000ee8fc010,0x00000000ee900000)
  to   space 9216K, 0% used [0x00000000f2b80000,0x00000000f2b80000,0x00000000f3480000)
 ParOldGen       total 39936K, used 12164K [0x00000000c0000000, 0x00000000c2700000, 0x00000000eaa80000)
  object space 39936K, 30% used [0x00000000c0000000,0x00000000c0be1390,0x00000000c2700000)
 PSPermGen       total 21504K, used 19947K [0x00000000b0000000, 0x00000000b1500000, 0x00000000c0000000)
  object space 21504K, 92% used [0x00000000b0000000,0x00000000b137ade0,0x00000000b1500000)
}
Event: 9.719 GC heap before
{Heap before GC invocations=6 (full 0):
 PSYoungGen      total 64000K, used 63984K [0x00000000eaa80000, 0x00000000f3480000, 0x0000000100000000)
  eden space 61440K, 100% used [0x00000000eaa80000,0x00000000ee680000,0x00000000ee680000)
  from space 2560K, 99% used [0x00000000ee680000,0x00000000ee8fc010,0x00000000ee900000)
  to   space 9216K, 0% used [0x00000000f2b80000,0x00000000f2b80000,0x00000000f3480000)
 ParOldGen       total 39936K, used 12164K [0x00000000c0000000, 0x00000000c2700000, 0x00000000eaa80000)
  object space 39936K, 30% used [0x00000000c0000000,0x00000000c0be1390,0x00000000c2700000)
 PSPermGen       total 21504K, used 19951K [0x00000000b0000000, 0x00000000b1500000, 0x00000000c0000000)
  object space 21504K, 92% used [0x00000000b0000000,0x00000000b137bc40,0x00000000b1500000)
Event: 9.727 GC heap after
Heap after GC invocations=6 (full 0):
 PSYoungGen      total 131072K, used 3296K [0x00000000eaa80000, 0x00000000f3380000, 0x0000000100000000)
  eden space 122880K, 0% used [0x00000000eaa80000,0x00000000eaa80000,0x00000000f2280000)
  from space 8192K, 40% used [0x00000000f2b80000,0x00000000f2eb8000,0x00000000f3380000)
  to   space 8704K, 0% used [0x00000000f2280000,0x00000000f2280000,0x00000000f2b00000)
 ParOldGen       total 39936K, used 12164K [0x00000000c0000000, 0x00000000c2700000, 0x00000000eaa80000)
  object space 39936K, 30% used [0x00000000c0000000,0x00000000c0be1390,0x00000000c2700000)
 PSPermGen       total 21504K, used 19951K [0x00000000b0000000, 0x00000000b1500000, 0x00000000c0000000)
  object space 21504K, 92% used [0x00000000b0000000,0x00000000b137bc40,0x00000000b1500000)
}
Event: 13.007 GC heap before
{Heap before GC invocations=7 (full 0):
 PSYoungGen      total 131072K, used 126176K [0x00000000eaa80000, 0x00000000f3380000, 0x0000000100000000)
  eden space 122880K, 100% used [0x00000000eaa80000,0x00000000f2280000,0x00000000f2280000)
  from space 8192K, 40% used [0x00000000f2b80000,0x00000000f2eb8000,0x00000000f3380000)
  to   space 8704K, 0% used [0x00000000f2280000,0x00000000f2280000,0x00000000f2b00000)
 ParOldGen       total 39936K, used 12164K [0x00000000c0000000, 0x00000000c2700000, 0x00000000eaa80000)
  object space 39936K, 30% used [0x00000000c0000000,0x00000000c0be1390,0x00000000c2700000)
 PSPermGen       total 24064K, used 23972K [0x00000000b0000000, 0x00000000b1780000, 0x00000000c0000000)
  object space 24064K, 99% used [0x00000000b0000000,0x00000000b17691a8,0x00000000b1780000)

